C51 COMPILER V9.60.7.0   MAIN                                                              06/18/2026 01:12:49 PAGE 1   


C51 COMPILER V9.60.7.0, COMPILATION OF MODULE MAIN
OBJECT MODULE PLACED IN main.OBJ
COMPILER INVOKED BY: E:\C51\C51\BIN\C51.EXE main.c OPTIMIZE(8,SPEED) BROWSE DEBUG OBJECTEXTEND TABS(2)

line level    source

   1          #include <reg52.h>
   2          #include  <intrins.h>
   3          
   4          #define uchar unsigned char
   5          #define uint unsigned int
   6          
   7          sbit s_n_r = P1^0;   // ФЯББЗНЯђЕФКьЕЦ
   8          sbit s_n_y = P1^1;   // ФЯББЗНЯђЕФЛЦЕЦ
   9          sbit s_n_g = P1^2;   // ФЯББЗНЯђЕФТЬЕЦ
  10          sbit e_w_g = P1^3;   // ЖЋЮїЗНЯђЕФТЬЕЦ
  11          sbit e_w_y = P1^4;   // ЖЋЮїЗНЯђЕФЛЦЕЦ
  12          sbit e_w_r = P1^5;   // ЖЋЮїЗНЯђЕФКьЕЦ
  13          
  14          sbit KEY = P3^0;     // НєМБАДМќЃЈд­гаЃЉ
  15          sbit BODY = P2^7;    // ШЫЬхМьВтДЋИаЦїЪфШыЃЈЕЭЕчЦНгааЇЃЉ
  16          
  17          unsigned char Time1 = 20, Time2 = 25;  // ЖЋЮї/ФЯББЗНЯђЕЙМЦЪБЯдЪОжЕ
  18          unsigned char status = 0;
  19          
  20          bit human_request = 0;     // ааШЫЧыЧѓБъжО
  21          uchar green_extra = 0;     // ТЬЕЦбгГЄМЦЪ§ЃЈЕЅЮЛЃК0.5УыЃЉ
  22          
  23          uchar code table[] = {0x3f,0x06,0x5b,0x4f,0x66,0x6d,0x7d,0x07,0x7f,0x6f}; // ЙВвѕЪ§ТыЙмЖЮТы
  24          
  25          void delay(uchar i)
  26          {
  27   1          while(i--);
  28   1      }
  29          
  30          void display()
  31          {
  32   1          P0 = table[Time1/10];
  33   1          P2 = 0x01;
  34   1          delay(100);
  35   1          P0 = 0x00;
  36   1          P0 = table[Time1%10];
  37   1          P2 = 0x02;
  38   1          delay(100);
  39   1          P0 = 0x00;
  40   1          P0 = table[Time2/10];
  41   1          P2 = 0x04;
  42   1          delay(100);
  43   1          P0 = 0x00;
  44   1          P0 = table[Time2%10];
  45   1          P2 = 0x08;
  46   1          delay(100);
  47   1          P0 = 0x00;
  48   1      }
  49          
  50          void Timer0Init(void)       // 50КСУы@12.000MHzЃЌЪЙгУЖЈЪБЦї1
  51          {
  52   1          TMOD &= 0x0F;
  53   1          TMOD |= 0x10;
  54   1          TL1 = 0xB0;
  55   1          TH1 = 0x3C;
C51 COMPILER V9.60.7.0   MAIN                                                              06/18/2026 01:12:49 PAGE 2   

  56   1          TR1 = 1;
  57   1          ET1 = 1;
  58   1          EA  = 1;
  59   1      }
  60          
  61          void main()
  62          {   
  63   1          P1 = 0x00;                  // ЙиБеЫљгаНЛЭЈЕЦ
  64   1          s_n_r = 1; e_w_g = 1;
  65   1          Timer0Init();
  66   1          while(1)
  67   1          {           
  68   2              // МьВтШЫЬхДЋИаЦїЃЈP2.7ЮЊЕЭЕчЦНБэЪОгаШЫЃЉ
  69   2              if(!BODY)
  70   2              {
  71   3                  delay(10);          // МђЕЅЯћЖЖ
  72   3                  if(!BODY)
  73   3                  {
  74   4                      human_request = 1;   // жУЮЛЧыЧѓ
  75   4                      while(!BODY);        // ЕШД§ДЋИаЦїЪЭЗХЃЌЗРжЙжиИДДЅЗЂ
  76   4                  }
  77   3              }
  78   2              display();              // ЕїгУЪ§ТыЙмЯдЪО
  79   2          }
  80   1      }
  81          
  82          /* ЖЈЪБЦї1жаЖЯЗўЮёКЏЪ§ЃЈ50msжаЖЯЃЉ*/
  83          void timer1() interrupt 3
  84          {  
  85   1          static unsigned char count;
  86   1          TL1 = 0xB0;
  87   1          TH1 = 0x3C;
  88   1          count++;
  89   1          if(count == 10)         // 0.5УыЕН
  90   1          {
  91   2              count = 0;
  92   2      
  93   2              // ----- ТЬЕЦбгГЄДІРэ -----
  94   2              if(green_extra > 0)
  95   2              {
  96   3                  green_extra--;   // ЯћКФвЛДЮбгГЄ
  97   3                  return;          // БОДЮВЛИќаТзДЬЌКЭЕЙМЦЪБ
  98   3              }
  99   2      
 100   2              // МьВщЪЧЗёгаааШЫЧыЧѓЃЌЧвЕБЧАДІгкТЬЕЦзДЬЌ
 101   2              // зДЬЌЧјМфЃКЖЋЮїТЬЕЦ(0~19)ЃЌФЯББТЬЕЦ(26~45)
 102   2              if(human_request && (status < 20 || (status >= 26 && status < 46)))
 103   2              {
 104   3                  green_extra = 9;     // БОДЮжаЖЯЬјЙ§ + Кѓај9ДЮЬјЙ§ = 10ДЮ = 5Уы
 105   3                  human_request = 0;   // ЧхГ§ЧыЧѓ
 106   3                  return;              // БОДЮВЛИќаТЃЌБЃГжЕБЧАзДЬЌ
 107   3              }
 108   2      
 109   2              // ----- д­газДЬЌИќаТ -----
 110   2              Time1--;
 111   2              Time2--;
 112   2              status++;
 113   2      
 114   2              // зДЬЌЛњДІРэЃЈБЃГжд­ТпМ­ЃЉ
 115   2              if(status == 20)
 116   2              {
 117   3                  if(KEY == 0)
C51 COMPILER V9.60.7.0   MAIN                                                              06/18/2026 01:12:49 PAGE 3   

 118   3                  {
 119   4                      status = 15;
 120   4                      Time1 = 5;
 121   4                      Time2 = 10;
 122   4                  }
 123   3                  else
 124   3                  {
 125   4                      e_w_g = 0; e_w_y = 1; Time1 = 5;
 126   4                  }
 127   3              }
 128   2              else if(status == 21)
 129   2              {
 130   3                  e_w_y = 0;
 131   3              }
 132   2              else if(status == 22)
 133   2              {
 134   3                  e_w_y = 1;
 135   3              }
 136   2              else if(status == 23)
 137   2              {
 138   3                  e_w_y = 0;
 139   3              }
 140   2              else if(status == 24)
 141   2              {
 142   3                  e_w_y = 1;
 143   3              }
 144   2              else if(status == 25)
 145   2              {
 146   3                  e_w_y = 0;
 147   3              }
 148   2              else if(status == 26)
 149   2              {
 150   3                  s_n_r = 0; s_n_g = 1; e_w_r = 1; Time1 = 25; Time2 = 20;
 151   3              }
 152   2              else if(status == 46)
 153   2              {
 154   3                  if(KEY == 0)
 155   3                  {
 156   4                      status = 41;
 157   4                      Time1 = 10;
 158   4                      Time2 = 5;
 159   4                  }
 160   3                  else
 161   3                  {
 162   4                      s_n_g = 0; s_n_y = 1; Time2 = 5;
 163   4                  }
 164   3              }
 165   2              else if(status == 47)
 166   2              {
 167   3                  s_n_y = 0;
 168   3              }
 169   2              else if(status == 48)
 170   2              {
 171   3                  s_n_y = 1;
 172   3              }
 173   2              else if(status == 49)
 174   2              {
 175   3                  s_n_y = 0;
 176   3              }
 177   2              else if(status == 50)
 178   2              {
 179   3                  s_n_y = 1;
C51 COMPILER V9.60.7.0   MAIN                                                              06/18/2026 01:12:49 PAGE 4   

 180   3              }
 181   2              else if(status == 51)
 182   2              {
 183   3                  s_n_y = 0;
 184   3              }
 185   2              else if(status == 52)
 186   2              {
 187   3                  s_n_r = 1; e_w_g = 1; e_w_r = 0; Time1 = 20; Time2 = 25; status = 0;
 188   3              }
 189   2          }
 190   1      }


MODULE INFORMATION:   STATIC OVERLAYABLE
   CODE SIZE        =    408    ----
   CONSTANT SIZE    =     10    ----
   XDATA SIZE       =   ----    ----
   PDATA SIZE       =   ----    ----
   DATA SIZE        =      5    ----
   IDATA SIZE       =   ----    ----
   BIT SIZE         =      1    ----
END OF MODULE INFORMATION.


C51 COMPILATION COMPLETE.  0 WARNING(S),  0 ERROR(S)
